e:\idv 6º\compiladores_idv6to\compilerui\compilercore\debug\compilercore.pch
e:\idv 6º\compiladores_idv6to\compilerui\compilercore\debug\vc140.pdb
e:\idv 6º\compiladores_idv6to\compilerui\compilercore\debug\stdafx.obj
e:\idv 6º\compiladores_idv6to\compilerui\compilercore\debug\token.obj
e:\idv 6º\compiladores_idv6to\compilerui\compilercore\debug\symtable.obj
e:\idv 6º\compiladores_idv6to\compilerui\compilercore\debug\localnode.obj
e:\idv 6º\compiladores_idv6to\compilerui\compilercore\debug\lexico.obj
e:\idv 6º\compiladores_idv6to\compilerui\compilercore\debug\globalnode.obj
e:\idv 6º\compiladores_idv6to\compilerui\compilercore\debug\errormodule.obj
e:\idv 6º\compiladores_idv6to\compilerui\compilercore\debug\compilercore.obj
e:\idv 6º\compiladores_idv6to\compilerui\compilercore\debug\assemblyinfo.obj
e:\idv 6º\compiladores_idv6to\compilerui\compilercore\debug\.netframework,version=v4.5.2.assemblyattributes.obj
e:\idv 6º\compiladores_idv6to\compilerui\compilercore\debug\.netframework,version=v4.5.2.assemblyattributes.asm
e:\idv 6º\compiladores_idv6to\compilerui\compilercore\debug\app.res
e:\idv 6º\compiladores_idv6to\compilerui\debug\compilercore.dll
e:\idv 6º\compiladores_idv6to\compilerui\debug\compilercore.pdb
e:\idv 6º\compiladores_idv6to\compilerui\compilercore\debug\compilercore.tlog\metagen.write.1.tlog
e:\idv 6º\compiladores_idv6to\compilerui\compilercore\debug\compilercore.tlog\cl.read.1.tlog
e:\idv 6º\compiladores_idv6to\compilerui\compilercore\debug\compilercore.tlog\cl.write.1.tlog
e:\idv 6º\compiladores_idv6to\compilerui\compilercore\debug\compilercore.tlog\cl.command.1.tlog
e:\idv 6º\compiladores_idv6to\compilerui\compilercore\debug\compilercore.tlog\metagen.read.1.tlog
e:\idv 6º\compiladores_idv6to\compilerui\compilercore\debug\compilercore.tlog\rc.read.1.tlog
e:\idv 6º\compiladores_idv6to\compilerui\compilercore\debug\compilercore.tlog\rc.write.1.tlog
e:\idv 6º\compiladores_idv6to\compilerui\compilercore\debug\compilercore.tlog\rc.command.1.tlog
e:\idv 6º\compiladores_idv6to\compilerui\compilercore\debug\compilercore.tlog\link.command.1.tlog
e:\idv 6º\compiladores_idv6to\compilerui\compilercore\debug\compilercore.tlog\link.read.1.tlog
e:\idv 6º\compiladores_idv6to\compilerui\compilercore\debug\compilercore.tlog\link.write.1.tlog
e:\idv 6º\compiladores_idv6to\compilerui\compilercore\debug\compilercore.tlog\tzres.dll.bi
